Added Component: Designator=1(TI-D8_N)
Added Component: Designator=add_out(HDR1X4)
Added Component: Designator=Amp_Pot(HDR1X2)
Added Component: Designator=AS5050A(AS5050A)
Added Component: Designator=C1(0402)
Added Component: Designator=C2(0402)
Added Component: Designator=C3(0402)
Added Component: Designator=C4(0402)
Added Component: Designator=HDMI- REPLACE HEADER(HDR1X19)
Added Component: Designator=LoadCell(HDR1X4)
Added Component: Designator=Motor(HDR1X3)
Added Component: Designator=P_st-32(P_St-32)
Added Component: Designator=R1(14-1210)
Added Component: Designator=R2(14-1210)
Added Component: Designator=R3(14-1210)
Added Pin To Net: NetName=GND Pin=1-6
Added Pin To Net: NetName=GND Pin=add_out-1
Added Pin To Net: NetName=GND Pin=AS5050A-9
Added Pin To Net: NetName=GND Pin=AS5050A-13
Added Pin To Net: NetName=GND Pin=C1-1
Added Pin To Net: NetName=GND Pin=C2-1
Added Pin To Net: NetName=GND Pin=C3-1
Added Pin To Net: NetName=GND Pin=C4-1
Added Pin To Net: NetName=GND Pin=HDMI- REPLACE HEADER-17
Added Pin To Net: NetName=GND Pin=HDMI- REPLACE HEADER-19
Added Pin To Net: NetName=GND Pin=LoadCell-2
Added Net: Name=GND
Added Pin To Net: NetName=MOTOR_GND Pin=HDMI- REPLACE HEADER-2
Added Pin To Net: NetName=MOTOR_GND Pin=Motor-2
Added Net: Name=MOTOR_GND
Added Pin To Net: NetName=MOTOR_SIG Pin=HDMI- REPLACE HEADER-3
Added Pin To Net: NetName=MOTOR_SIG Pin=Motor-1
Added Net: Name=MOTOR_SIG
Added Pin To Net: NetName=MOTOR_VCC Pin=HDMI- REPLACE HEADER-1
Added Pin To Net: NetName=MOTOR_VCC Pin=Motor-3
Added Net: Name=MOTOR_VCC
Added Pin To Net: NetName=Net1_1 Pin=1-1
Added Pin To Net: NetName=Net1_1 Pin=R1-2
Added Net: Name=Net1_1
Added Pin To Net: NetName=Net1_2 Pin=1-2
Added Pin To Net: NetName=Net1_2 Pin=Amp_Pot-1
Added Pin To Net: NetName=Net1_2 Pin=P_st-32-Vp2
Added Net: Name=Net1_2
Added Pin To Net: NetName=Net1_3 Pin=1-3
Added Pin To Net: NetName=Net1_3 Pin=Amp_Pot-2
Added Pin To Net: NetName=Net1_3 Pin=P_st-32-Vp+
Added Net: Name=Net1_3
Added Pin To Net: NetName=Net1_4 Pin=1-4
Added Pin To Net: NetName=Net1_4 Pin=R2-2
Added Net: Name=Net1_4
Added Pin To Net: NetName=Net1_5 Pin=1-5
Added Pin To Net: NetName=Net1_5 Pin=C1-2
Added Net: Name=Net1_5
Added Pin To Net: NetName=Net1_7 Pin=1-7
Added Pin To Net: NetName=Net1_7 Pin=HDMI- REPLACE HEADER-12
Added Net: Name=Net1_7
Added Pin To Net: NetName=Netadd_out_3 Pin=add_out-3
Added Pin To Net: NetName=Netadd_out_3 Pin=AS5050A-10
Added Net: Name=Netadd_out_3
Added Pin To Net: NetName=Netadd_out_4 Pin=add_out-4
Added Pin To Net: NetName=Netadd_out_4 Pin=AS5050A-15
Added Net: Name=Netadd_out_4
Added Pin To Net: NetName=NetAS5050A_1 Pin=AS5050A-1
Added Pin To Net: NetName=NetAS5050A_1 Pin=HDMI- REPLACE HEADER-13
Added Net: Name=NetAS5050A_1
Added Pin To Net: NetName=NetAS5050A_2 Pin=AS5050A-2
Added Pin To Net: NetName=NetAS5050A_2 Pin=HDMI- REPLACE HEADER-14
Added Net: Name=NetAS5050A_2
Added Pin To Net: NetName=NetAS5050A_3 Pin=AS5050A-3
Added Pin To Net: NetName=NetAS5050A_3 Pin=HDMI- REPLACE HEADER-15
Added Net: Name=NetAS5050A_3
Added Pin To Net: NetName=NetAS5050A_4 Pin=AS5050A-4
Added Pin To Net: NetName=NetAS5050A_4 Pin=HDMI- REPLACE HEADER-16
Added Net: Name=NetAS5050A_4
Added Pin To Net: NetName=NetAS5050A_12 Pin=AS5050A-12
Added Pin To Net: NetName=NetAS5050A_12 Pin=C4-2
Added Pin To Net: NetName=NetAS5050A_12 Pin=R3-1
Added Net: Name=NetAS5050A_12
Added Pin To Net: NetName=NetLoadCell_1 Pin=LoadCell-1
Added Pin To Net: NetName=NetLoadCell_1 Pin=R1-1
Added Net: Name=NetLoadCell_1
Added Pin To Net: NetName=NetLoadCell_3 Pin=LoadCell-3
Added Pin To Net: NetName=NetLoadCell_3 Pin=R2-1
Added Net: Name=NetLoadCell_3
Added Pin To Net: NetName=VCC Pin=1-8
Added Pin To Net: NetName=VCC Pin=add_out-2
Added Pin To Net: NetName=VCC Pin=AS5050A-11
Added Pin To Net: NetName=VCC Pin=AS5050A-14
Added Pin To Net: NetName=VCC Pin=C2-2
Added Pin To Net: NetName=VCC Pin=C3-2
Added Pin To Net: NetName=VCC Pin=HDMI- REPLACE HEADER-18
Added Pin To Net: NetName=VCC Pin=LoadCell-4
Added Pin To Net: NetName=VCC Pin=P_st-32-Vp-
Added Pin To Net: NetName=VCC Pin=R3-2
Added Net: Name=VCC
Added Class: Name=sm_Arm_Board
Added Room: Name=sm_Arm_Board
